<?xml version="1.0" encoding="UTF-8"?>
<testng-results skipped="0" failed="0" ignored="0" total="1" passed="1">
  <reporter-output>
  </reporter-output>
  <suite name="BDD Test Suite" duration-ms="28430" started-at="2020-04-12T18:35:08Z" finished-at="2020-04-12T18:35:36Z">
    <groups>
      <group name="cucumber">
        <method signature="TestRunner.feature(cucumber.api.testng.CucumberFeatureWrapper)[pri:0, instance:MyRunner.TestRunner@553f17c]" name="feature" class="MyRunner.TestRunner"/>
      </group> <!-- cucumber -->
    </groups>
    <test name="HUBSPOT App Test" duration-ms="28430" started-at="2020-04-12T18:35:08Z" finished-at="2020-04-12T18:35:36Z">
      <class name="MyRunner.TestRunner">
        <test-method status="PASS" signature="setUpClass()[pri:0, instance:MyRunner.TestRunner@553f17c]" name="setUpClass" is-config="true" duration-ms="384" started-at="2020-04-12T18:35:08Z" finished-at="2020-04-12T18:35:08Z">
          <reporter-output>
          </reporter-output>
        </test-method> <!-- setUpClass -->
        <test-method status="PASS" signature="feature(cucumber.api.testng.CucumberFeatureWrapper)[pri:0, instance:MyRunner.TestRunner@553f17c]" name="feature" duration-ms="27894" started-at="2020-04-12T18:35:08Z" description="Runs Cucumber Feature" data-provider="features" finished-at="2020-04-12T18:35:36Z">
          <params>
            <param index="0">
              <value>
                <![CDATA[HubSpot Login Feature]]>
              </value>
            </param>
          </params>
          <reporter-output>
          </reporter-output>
        </test-method> <!-- feature -->
        <test-method status="PASS" signature="tearDownClass()[pri:0, instance:MyRunner.TestRunner@553f17c]" name="tearDownClass" is-config="true" duration-ms="20" started-at="2020-04-12T18:35:36Z" finished-at="2020-04-12T18:35:36Z">
          <reporter-output>
          </reporter-output>
        </test-method> <!-- tearDownClass -->
      </class> <!-- MyRunner.TestRunner -->
    </test> <!-- HUBSPOT App Test -->
  </suite> <!-- BDD Test Suite -->
</testng-results>
