<?xml version="1.0" encoding="UTF-8"?>
<testng-results skipped="0" failed="0" ignored="0" total="1" passed="1">
  <reporter-output>
  </reporter-output>
  <suite name="BDD Test Suite" duration-ms="70233" started-at="2020-04-13T04:53:04Z" finished-at="2020-04-13T04:54:14Z">
    <groups>
      <group name="cucumber">
        <method signature="AbstractTestNGCucumberTests.feature(cucumber.api.testng.CucumberFeatureWrapper)[pri:0, instance:MyRunner.MyRunnerExtentReport@5cb9f472]" name="feature" class="cucumber.api.testng.AbstractTestNGCucumberTests"/>
      </group> <!-- cucumber -->
    </groups>
    <test name="HUBSPOT App Test" duration-ms="70233" started-at="2020-04-13T04:53:04Z" finished-at="2020-04-13T04:54:14Z">
      <class name="MyRunner.MyRunnerExtentReport">
        <test-method status="PASS" signature="setUpClass()[pri:0, instance:MyRunner.MyRunnerExtentReport@5cb9f472]" name="setUpClass" is-config="true" duration-ms="820" started-at="2020-04-13T04:53:04Z" finished-at="2020-04-13T04:53:05Z">
          <reporter-output>
          </reporter-output>
        </test-method> <!-- setUpClass -->
        <test-method status="PASS" signature="setup()[pri:0, instance:MyRunner.MyRunnerExtentReport@5cb9f472]" name="setup" is-config="true" duration-ms="2" started-at="2020-04-13T04:53:05Z" finished-at="2020-04-13T04:53:05Z">
          <reporter-output>
          </reporter-output>
        </test-method> <!-- setup -->
        <test-method status="PASS" signature="feature(cucumber.api.testng.CucumberFeatureWrapper)[pri:0, instance:MyRunner.MyRunnerExtentReport@5cb9f472]" name="feature" duration-ms="67477" started-at="2020-04-13T04:53:05Z" description="Runs Cucumber Feature" data-provider="features" finished-at="2020-04-13T04:54:13Z">
          <params>
            <param index="0">
              <value>
                <![CDATA[HubSpot Login Feature]]>
              </value>
            </param>
          </params>
          <reporter-output>
          </reporter-output>
        </test-method> <!-- feature -->
        <test-method status="PASS" signature="teardown()[pri:0, instance:MyRunner.MyRunnerExtentReport@5cb9f472]" name="teardown" is-config="true" duration-ms="240" started-at="2020-04-13T04:54:13Z" finished-at="2020-04-13T04:54:13Z">
          <reporter-output>
          </reporter-output>
        </test-method> <!-- teardown -->
        <test-method status="PASS" signature="tearDownClass()[pri:0, instance:MyRunner.MyRunnerExtentReport@5cb9f472]" name="tearDownClass" is-config="true" duration-ms="1297" started-at="2020-04-13T04:54:13Z" finished-at="2020-04-13T04:54:14Z">
          <reporter-output>
          </reporter-output>
        </test-method> <!-- tearDownClass -->
      </class> <!-- MyRunner.MyRunnerExtentReport -->
    </test> <!-- HUBSPOT App Test -->
  </suite> <!-- BDD Test Suite -->
</testng-results>
